\BOOKMARK [1][-]{section*.2}{List of Tables}{}% 1
\BOOKMARK [1][-]{section*.3}{List of Figures}{}% 2
\BOOKMARK [1][-]{section*.4}{Abstract}{}% 3
\BOOKMARK [1][-]{section.1}{Introduction}{}% 4
\BOOKMARK [2][-]{subsection.1.1}{Related work}{section.1}% 5
\BOOKMARK [2][-]{subsection.1.2}{Contribution}{section.1}% 6
\BOOKMARK [2][-]{subsection.1.3}{Scope}{section.1}% 7
\BOOKMARK [1][-]{section.2}{Project Formulation and Setup}{}% 8
\BOOKMARK [2][-]{subsection.2.1}{Support Vector Machine \(SVM\)}{section.2}% 9
\BOOKMARK [2][-]{subsection.2.2}{Neural Networks}{section.2}% 10
\BOOKMARK [2][-]{subsection.2.3}{Error Analysis}{section.2}% 11
\BOOKMARK [1][-]{section.3}{Methodology}{}% 12
\BOOKMARK [1][-]{section.4}{Implementation}{}% 13
\BOOKMARK [2][-]{subsection.4.1}{Feature Space}{section.4}% 14
\BOOKMARK [2][-]{subsection.4.2}{Pre-processing and Feature Extraction}{section.4}% 15
\BOOKMARK [2][-]{subsection.4.3}{Training Process}{section.4}% 16
\BOOKMARK [2][-]{subsection.4.4}{Testing, Validation and Model Selection}{section.4}% 17
\BOOKMARK [1][-]{section.5}{Final Results}{}% 18
\BOOKMARK [2][-]{subsection.5.1}{SVM}{section.5}% 19
\BOOKMARK [2][-]{subsection.5.2}{Neural network}{section.5}% 20
\BOOKMARK [1][-]{section.6}{Interpretation}{}% 21
\BOOKMARK [1][-]{section.7}{Summary, Conclusions and Future Work}{}% 22
\BOOKMARK [1][-]{section.8}{Acknowledgments}{}% 23
\BOOKMARK [1][-]{section.9}{Bibliography}{}% 24
\BOOKMARK [1][-]{section*.18}{Appendices}{}% 25
\BOOKMARK [1][-]{Appendix.a.A}{Main Code}{}% 26
\BOOKMARK [1][-]{Appendix.a.B}{Sub-routines}{}% 27
